<?xml version="1.0" encoding="UTF-8"?>
<!-- Generated by org.testng.reporters.JUnitReportReporter -->
<testsuite hostname="LAPTOP-9IT6QDHO" failures="0" tests="1" name="com.MakeMyTripTest_001.MakeMTripApplicatioTest" time="84.512" errors="0" timestamp="2023-09-04T11:23:00 IST" skipped="0">
  <testcase classname="com.MakeMyTripTest_001.MakeMTripApplicatioTest" name="test01" time="84.512"/>
  <system-out/>
</testsuite> <!-- com.MakeMyTripTest_001.MakeMTripApplicatioTest -->
