<?xml version="1.0" encoding="UTF-8"?>
<!-- Generated by org.testng.reporters.JUnitReportReporter -->
<testsuite hostname="LAPTOP-9IT6QDHO" failures="0" tests="1" name="com.BritishAirways.BritishAirWays" time="31.229" errors="0" timestamp="2023-09-06T14:38:13 IST" skipped="0">
  <testcase classname="com.BritishAirways.BritishAirWays" name="registerAccount" time="31.229"/>
  <system-out/>
</testsuite> <!-- com.BritishAirways.BritishAirWays -->
